# JRE version: OpenJDK Runtime Environment (7.0_121) (build 1.7.0_121-b00)
# Java VM: OpenJDK 64-Bit Server VM (24.121-b00 mixed mode linux-amd64 compressed oops)
Heap
 PSYoungGen      total 145920K, used 5629K [0x00000000eb600000, 0x00000000f5300000, 0x0000000100000000)
  eden space 131072K, 0% used [0x00000000eb600000,0x00000000eb600000,0x00000000f3600000)
  from space 14848K, 37% used [0x00000000f3600000,0x00000000f3b7f550,0x00000000f4480000)
  to   space 13824K, 0% used [0x00000000f4580000,0x00000000f4580000,0x00000000f5300000)
 ParOldGen       total 41984K, used 24255K [0x00000000c2200000, 0x00000000c4b00000, 0x00000000eb600000)
  object space 41984K, 57% used [0x00000000c2200000,0x00000000c39afec0,0x00000000c4b00000)
 PSPermGen       total 39936K, used 39514K [0x00000000b7c00000, 0x00000000ba300000, 0x00000000c2200000)
  object space 39936K, 98% used [0x00000000b7c00000,0x00000000ba296b00,0x00000000ba300000)
GC Heap History (10 events):
Event: 1.591 GC heap after
Heap after GC invocations=2 (full 0):
 PSYoungGen      total 35328K, used 2550K [0x00000000eb600000, 0x00000000edb00000, 0x0000000100000000)
  eden space 32768K, 0% used [0x00000000eb600000,0x00000000eb600000,0x00000000ed600000)
  from space 2560K, 99% used [0x00000000ed880000,0x00000000edafd970,0x00000000edb00000)
  to   space 2560K, 0% used [0x00000000ed600000,0x00000000ed600000,0x00000000ed880000)
 ParOldGen       total 41984K, used 1398K [0x00000000c2200000, 0x00000000c4b00000, 0x00000000eb600000)
  object space 41984K, 3% used [0x00000000c2200000,0x00000000c235d9b0,0x00000000c4b00000)
 PSPermGen       total 21504K, used 12630K [0x00000000b7c00000, 0x00000000b9100000, 0x00000000c2200000)
  object space 21504K, 58% used [0x00000000b7c00000,0x00000000b8855ad0,0x00000000b9100000)
}
Event: 2.461 GC heap before
{Heap before GC invocations=3 (full 0):
 PSYoungGen      total 35328K, used 35318K [0x00000000eb600000, 0x00000000edb00000, 0x0000000100000000)
  eden space 32768K, 100% used [0x00000000eb600000,0x00000000ed600000,0x00000000ed600000)
  from space 2560K, 99% used [0x00000000ed880000,0x00000000edafd970,0x00000000edb00000)
  to   space 2560K, 0% used [0x00000000ed600000,0x00000000ed600000,0x00000000ed880000)
 ParOldGen       total 41984K, used 1398K [0x00000000c2200000, 0x00000000c4b00000, 0x00000000eb600000)
  object space 41984K, 3% used [0x00000000c2200000,0x00000000c235d9b0,0x00000000c4b00000)
 PSPermGen       total 21504K, used 20187K [0x00000000b7c00000, 0x00000000b9100000, 0x00000000c2200000)
  object space 21504K, 93% used [0x00000000b7c00000,0x00000000b8fb6e70,0x00000000b9100000)
Event: 2.482 GC heap after
Heap after GC invocations=3 (full 0):
 PSYoungGen      total 35328K, used 2528K [0x00000000eb600000, 0x00000000efb00000, 0x0000000100000000)
  eden space 32768K, 0% used [0x00000000eb600000,0x00000000eb600000,0x00000000ed600000)
  from space 2560K, 98% used [0x00000000ed600000,0x00000000ed878030,0x00000000ed880000)
  to   space 2560K, 0% used [0x00000000ef880000,0x00000000ef880000,0x00000000efb00000)
 ParOldGen       total 41984K, used 5155K [0x00000000c2200000, 0x00000000c4b00000, 0x00000000eb600000)
  object space 41984K, 12% used [0x00000000c2200000,0x00000000c2708f98,0x00000000c4b00000)
 PSPermGen       total 21504K, used 20187K [0x00000000b7c00000, 0x00000000b9100000, 0x00000000c2200000)
  object space 21504K, 93% used [0x00000000b7c00000,0x00000000b8fb6e70,0x00000000b9100000)
}
Event: 3.233 GC heap before
{Heap before GC invocations=4 (full 0):
 PSYoungGen      total 35328K, used 35296K [0x00000000eb600000, 0x00000000efb00000, 0x0000000100000000)
  eden space 32768K, 100% used [0x00000000eb600000,0x00000000ed600000,0x00000000ed600000)
  from space 2560K, 98% used [0x00000000ed600000,0x00000000ed878030,0x00000000ed880000)
  to   space 2560K, 0% used [0x00000000ef880000,0x00000000ef880000,0x00000000efb00000)
 ParOldGen       total 41984K, used 5155K [0x00000000c2200000, 0x00000000c4b00000, 0x00000000eb600000)
  object space 41984K, 12% used [0x00000000c2200000,0x00000000c2708f98,0x00000000c4b00000)
 PSPermGen       total 26624K, used 26251K [0x00000000b7c00000, 0x00000000b9600000, 0x00000000c2200000)
  object space 26624K, 98% used [0x00000000b7c00000,0x00000000b95a2ee0,0x00000000b9600000)
Event: 3.268 GC heap after
Heap after GC invocations=4 (full 0):
 PSYoungGen      total 68096K, used 2532K [0x00000000eb600000, 0x00000000efb00000, 0x0000000100000000)
  eden space 65536K, 0% used [0x00000000eb600000,0x00000000eb600000,0x00000000ef600000)
  from space 2560K, 98% used [0x00000000ef880000,0x00000000efaf9020,0x00000000efb00000)
  to   space 2560K, 0% used [0x00000000ef600000,0x00000000ef600000,0x00000000ef880000)
 ParOldGen       total 41984K, used 10876K [0x00000000c2200000, 0x00000000c4b00000, 0x00000000eb600000)
  object space 41984K, 25% used [0x00000000c2200000,0x00000000c2c9f320,0x00000000c4b00000)
 PSPermGen       total 26624K, used 26251K [0x00000000b7c00000, 0x00000000b9600000, 0x00000000c2200000)
  object space 26624K, 98% used [0x00000000b7c00000,0x00000000b95a2ee0,0x00000000b9600000)
}
Event: 6.572 GC heap before
{Heap before GC invocations=5 (full 0):
 PSYoungGen      total 68096K, used 68068K [0x00000000eb600000, 0x00000000efb00000, 0x0000000100000000)
  eden space 65536K, 100% used [0x00000000eb600000,0x00000000ef600000,0x00000000ef600000)
  from space 2560K, 98% used [0x00000000ef880000,0x00000000efaf9020,0x00000000efb00000)
  to   space 2560K, 0% used [0x00000000ef600000,0x00000000ef600000,0x00000000ef880000)
 ParOldGen       total 41984K, used 10876K [0x00000000c2200000, 0x00000000c4b00000, 0x00000000eb600000)
  object space 41984K, 25% used [0x00000000c2200000,0x00000000c2c9f320,0x00000000c4b00000)
 PSPermGen       total 34816K, used 34716K [0x00000000b7c00000, 0x00000000b9e00000, 0x00000000c2200000)
  object space 34816K, 99% used [0x00000000b7c00000,0x00000000b9de71f0,0x00000000b9e00000)
Event: 6.666 GC heap after
Heap after GC invocations=5 (full 0):
 PSYoungGen      total 68096K, used 2528K [0x00000000eb600000, 0x00000000f5500000, 0x0000000100000000)
  eden space 65536K, 0% used [0x00000000eb600000,0x00000000eb600000,0x00000000ef600000)
  from space 2560K, 98% used [0x00000000ef600000,0x00000000ef878230,0x00000000ef880000)
  to   space 15872K, 0% used [0x00000000f4580000,0x00000000f4580000,0x00000000f5500000)
 ParOldGen       total 41984K, used 23766K [0x00000000c2200000, 0x00000000c4b00000, 0x00000000eb600000)
  object space 41984K, 56% used [0x00000000c2200000,0x00000000c3935860,0x00000000c4b00000)
 PSPermGen       total 34816K, used 34716K [0x00000000b7c00000, 0x00000000b9e00000, 0x00000000c2200000)
  object space 34816K, 99% used [0x00000000b7c00000,0x00000000b9de71f0,0x00000000b9e00000)
}
Event: 9.494 GC heap before
{Heap before GC invocations=6 (full 0):
 PSYoungGen      total 68096K, used 68064K [0x00000000eb600000, 0x00000000f5500000, 0x0000000100000000)
  eden space 65536K, 100% used [0x00000000eb600000,0x00000000ef600000,0x00000000ef600000)
  from space 2560K, 98% used [0x00000000ef600000,0x00000000ef878230,0x00000000ef880000)
  to   space 15872K, 0% used [0x00000000f4580000,0x00000000f4580000,0x00000000f5500000)
 ParOldGen       total 41984K, used 23766K [0x00000000c2200000, 0x00000000c4b00000, 0x00000000eb600000)
  object space 41984K, 56% used [0x00000000c2200000,0x00000000c3935860,0x00000000c4b00000)
 PSPermGen       total 38400K, used 38300K [0x00000000b7c00000, 0x00000000ba180000, 0x00000000c2200000)
  object space 38400K, 99% used [0x00000000b7c00000,0x00000000ba167238,0x00000000ba180000)
Event: 9.534 GC heap after
Heap after GC invocations=6 (full 0):
 PSYoungGen      total 144896K, used 6184K [0x00000000eb600000, 0x00000000f5300000, 0x0000000100000000)
  eden space 131072K, 0% used [0x00000000eb600000,0x00000000eb600000,0x00000000f3600000)
  from space 13824K, 44% used [0x00000000f4580000,0x00000000f4b8a288,0x00000000f5300000)
  to   space 14848K, 0% used [0x00000000f3600000,0x00000000f3600000,0x00000000f4480000)
 ParOldGen       total 41984K, used 23766K [0x00000000c2200000, 0x00000000c4b00000, 0x00000000eb600000)
  object space 41984K, 56% used [0x00000000c2200000,0x00000000c3935860,0x00000000c4b00000)
 PSPermGen       total 38400K, used 38300K [0x00000000b7c00000, 0x00000000ba180000, 0x00000000c2200000)
  object space 38400K, 99% used [0x00000000b7c00000,0x00000000ba167238,0x00000000ba180000)
}
Event: 12.978 GC heap before
{Heap before GC invocations=7 (full 0):
 PSYoungGen      total 144896K, used 137256K [0x00000000eb600000, 0x00000000f5300000, 0x0000000100000000)
  eden space 131072K, 100% used [0x00000000eb600000,0x00000000f3600000,0x00000000f3600000)
  from space 13824K, 44% used [0x00000000f4580000,0x00000000f4b8a288,0x00000000f5300000)
  to   space 14848K, 0% used [0x00000000f3600000,0x00000000f3600000,0x00000000f4480000)
 ParOldGen       total 41984K, used 23766K [0x00000000c2200000, 0x00000000c4b00000, 0x00000000eb600000)
  object space 41984K, 56% used [0x00000000c2200000,0x00000000c3935860,0x00000000c4b00000)
 PSPermGen       total 39936K, used 39514K [0x00000000b7c00000, 0x00000000ba300000, 0x00000000c2200000)
  object space 39936K, 98% used [0x00000000b7c00000,0x00000000ba296b00,0x00000000ba300000)

